<?xml version="1.0" encoding="UTF-8"?>
<testsuite name="com.mindex.challenge.DataBootstrapTest" tests="1" skipped="0" failures="0" errors="0" timestamp="2024-01-04T15:39:08" hostname="DESKTOP-EC56MEU" time="0.061">
  <properties/>
  <testcase name="test" classname="com.mindex.challenge.DataBootstrapTest" time="0.061"/>
  <system-out><![CDATA[2024-01-04 10:39:08.539  INFO 10936 --- [    Test worker] .b.t.c.SpringBootTestContextBootstrapper : Neither @ContextConfiguration nor @ContextHierarchy found for test class [com.mindex.challenge.DataBootstrapTest], using SpringBootContextLoader
2024-01-04 10:39:08.540  INFO 10936 --- [    Test worker] o.s.t.c.support.AbstractContextLoader    : Could not detect default resource locations for test class [com.mindex.challenge.DataBootstrapTest]: no resource found for suffixes {-context.xml, Context.groovy}.
2024-01-04 10:39:08.540  INFO 10936 --- [    Test worker] t.c.s.AnnotationConfigContextLoaderUtils : Could not detect default configuration classes for test class [com.mindex.challenge.DataBootstrapTest]: DataBootstrapTest does not declare any static, non-private, non-final, nested classes annotated with @Configuration.
2024-01-04 10:39:08.542  INFO 10936 --- [    Test worker] .b.t.c.SpringBootTestContextBootstrapper : Found @SpringBootConfiguration com.mindex.challenge.ChallengeApplication for test class com.mindex.challenge.DataBootstrapTest
2024-01-04 10:39:08.544  INFO 10936 --- [    Test worker] .b.t.c.SpringBootTestContextBootstrapper : Loaded default TestExecutionListener class names from location [META-INF/spring.factories]: [org.springframework.boot.test.autoconfigure.restdocs.RestDocsTestExecutionListener, org.springframework.boot.test.autoconfigure.web.client.MockRestServiceServerResetTestExecutionListener, org.springframework.boot.test.autoconfigure.web.servlet.MockMvcPrintOnlyOnFailureTestExecutionListener, org.springframework.boot.test.autoconfigure.web.servlet.WebDriverTestExecutionListener, org.springframework.boot.test.mock.mockito.MockitoTestExecutionListener, org.springframework.boot.test.mock.mockito.ResetMocksTestExecutionListener, org.springframework.test.context.web.ServletTestExecutionListener, org.springframework.test.context.support.DirtiesContextBeforeModesTestExecutionListener, org.springframework.test.context.support.DependencyInjectionTestExecutionListener, org.springframework.test.context.support.DirtiesContextTestExecutionListener, org.springframework.test.context.transaction.TransactionalTestExecutionListener, org.springframework.test.context.jdbc.SqlScriptsTestExecutionListener, org.springframework.test.context.event.EventPublishingTestExecutionListener]
2024-01-04 10:39:08.544  INFO 10936 --- [    Test worker] .b.t.c.SpringBootTestContextBootstrapper : Using TestExecutionListeners: [org.springframework.test.context.web.ServletTestExecutionListener@1242d96b, org.springframework.test.context.support.DirtiesContextBeforeModesTestExecutionListener@2ecdf528, org.springframework.boot.test.mock.mockito.MockitoTestExecutionListener@574ebdaf, org.springframework.boot.test.autoconfigure.SpringBootDependencyInjectionTestExecutionListener@33f349ae, org.springframework.test.context.support.DirtiesContextTestExecutionListener@377e573a, org.springframework.test.context.transaction.TransactionalTestExecutionListener@76db9048, org.springframework.test.context.jdbc.SqlScriptsTestExecutionListener@54daf8f9, org.springframework.test.context.event.EventPublishingTestExecutionListener@7d4d65f5, org.springframework.boot.test.autoconfigure.restdocs.RestDocsTestExecutionListener@38cf3ae1, org.springframework.boot.test.autoconfigure.web.client.MockRestServiceServerResetTestExecutionListener@123ca460, org.springframework.boot.test.autoconfigure.web.servlet.MockMvcPrintOnlyOnFailureTestExecutionListener@11228bee, org.springframework.boot.test.autoconfigure.web.servlet.WebDriverTestExecutionListener@7d626f2, org.springframework.boot.test.mock.mockito.ResetMocksTestExecutionListener@460f1cdb]
]]></system-out>
  <system-err><![CDATA[]]></system-err>
</testsuite>
