<?xml version="1.0" encoding="UTF-8"?>
<testsuite name="com.mindex.challenge.service.impl.ReportingStuctureServiceImplTest" tests="2" skipped="0" failures="0" errors="0" timestamp="2024-01-04T15:39:11" hostname="DESKTOP-EC56MEU" time="0.009">
  <properties/>
  <testcase name="testCalculateUniqueReports" classname="com.mindex.challenge.service.impl.ReportingStuctureServiceImplTest" time="0.006"/>
  <testcase name="testCalculateUniqueReportsWithNull" classname="com.mindex.challenge.service.impl.ReportingStuctureServiceImplTest" time="0.002"/>
  <system-out><![CDATA[2024-01-04 10:39:10.432  INFO 10936 --- [    Test worker] .b.t.c.SpringBootTestContextBootstrapper : Neither @ContextConfiguration nor @ContextHierarchy found for test class [com.mindex.challenge.service.impl.ReportingStuctureServiceImplTest], using SpringBootContextLoader
2024-01-04 10:39:10.433  INFO 10936 --- [    Test worker] o.s.t.c.support.AbstractContextLoader    : Could not detect default resource locations for test class [com.mindex.challenge.service.impl.ReportingStuctureServiceImplTest]: no resource found for suffixes {-context.xml, Context.groovy}.
2024-01-04 10:39:10.433  INFO 10936 --- [    Test worker] t.c.s.AnnotationConfigContextLoaderUtils : Could not detect default configuration classes for test class [com.mindex.challenge.service.impl.ReportingStuctureServiceImplTest]: ReportingStuctureServiceImplTest does not declare any static, non-private, non-final, nested classes annotated with @Configuration.
2024-01-04 10:39:10.438  INFO 10936 --- [    Test worker] .b.t.c.SpringBootTestContextBootstrapper : Found @SpringBootConfiguration com.mindex.challenge.ChallengeApplication for test class com.mindex.challenge.service.impl.ReportingStuctureServiceImplTest
2024-01-04 10:39:10.440  INFO 10936 --- [    Test worker] .b.t.c.SpringBootTestContextBootstrapper : Loaded default TestExecutionListener class names from location [META-INF/spring.factories]: [org.springframework.boot.test.autoconfigure.restdocs.RestDocsTestExecutionListener, org.springframework.boot.test.autoconfigure.web.client.MockRestServiceServerResetTestExecutionListener, org.springframework.boot.test.autoconfigure.web.servlet.MockMvcPrintOnlyOnFailureTestExecutionListener, org.springframework.boot.test.autoconfigure.web.servlet.WebDriverTestExecutionListener, org.springframework.boot.test.mock.mockito.MockitoTestExecutionListener, org.springframework.boot.test.mock.mockito.ResetMocksTestExecutionListener, org.springframework.test.context.web.ServletTestExecutionListener, org.springframework.test.context.support.DirtiesContextBeforeModesTestExecutionListener, org.springframework.test.context.support.DependencyInjectionTestExecutionListener, org.springframework.test.context.support.DirtiesContextTestExecutionListener, org.springframework.test.context.transaction.TransactionalTestExecutionListener, org.springframework.test.context.jdbc.SqlScriptsTestExecutionListener, org.springframework.test.context.event.EventPublishingTestExecutionListener]
2024-01-04 10:39:10.440  INFO 10936 --- [    Test worker] .b.t.c.SpringBootTestContextBootstrapper : Using TestExecutionListeners: [org.springframework.test.context.web.ServletTestExecutionListener@75dbe490, org.springframework.test.context.support.DirtiesContextBeforeModesTestExecutionListener@4c579b5b, org.springframework.boot.test.mock.mockito.MockitoTestExecutionListener@5a96f3cb, org.springframework.boot.test.autoconfigure.SpringBootDependencyInjectionTestExecutionListener@3e0704e2, org.springframework.test.context.support.DirtiesContextTestExecutionListener@14d298d6, org.springframework.test.context.transaction.TransactionalTestExecutionListener@64af5454, org.springframework.test.context.jdbc.SqlScriptsTestExecutionListener@94aeba1, org.springframework.test.context.event.EventPublishingTestExecutionListener@f6cde7e, org.springframework.boot.test.autoconfigure.restdocs.RestDocsTestExecutionListener@ff8e36d, org.springframework.boot.test.autoconfigure.web.client.MockRestServiceServerResetTestExecutionListener@116b0b32, org.springframework.boot.test.autoconfigure.web.servlet.MockMvcPrintOnlyOnFailureTestExecutionListener@4f22fd5d, org.springframework.boot.test.autoconfigure.web.servlet.WebDriverTestExecutionListener@26d445e9, org.springframework.boot.test.mock.mockito.ResetMocksTestExecutionListener@6e7f29d5]

  .   ____          _            __ _ _
 /\\ / ___'_ __ _ _(_)_ __  __ _ \ \ \ \
( ( )\___ | '_ | '_| | '_ \/ _` | \ \ \ \
 \\/  ___)| |_)| | | | | || (_| |  ) ) ) )
  '  |____| .__|_| |_|_| |_\__, | / / / /
 =========|_|==============|___/=/_/_/_/
 :: Spring Boot ::        (v2.2.0.RELEASE)

2024-01-04 10:39:10.466  INFO 10936 --- [    Test worker] m.c.s.i.ReportingStuctureServiceImplTest : Starting ReportingStuctureServiceImplTest on DESKTOP-EC56MEU with PID 10936 (started by ADMIN in D:\Code\Workplace\Eclipse\Mindex\mindex-java-code-challenge)
2024-01-04 10:39:10.467 DEBUG 10936 --- [    Test worker] m.c.s.i.ReportingStuctureServiceImplTest : Running with Spring Boot v2.2.0.RELEASE, Spring v5.2.0.RELEASE
2024-01-04 10:39:10.467  INFO 10936 --- [    Test worker] m.c.s.i.ReportingStuctureServiceImplTest : No active profile set, falling back to default profiles: default
2024-01-04 10:39:10.601  INFO 10936 --- [    Test worker] .s.d.r.c.RepositoryConfigurationDelegate : Bootstrapping Spring Data repositories in DEFAULT mode.
2024-01-04 10:39:10.611  INFO 10936 --- [    Test worker] .s.d.r.c.RepositoryConfigurationDelegate : Finished Spring Data repository scanning in 8ms. Found 2 repository interfaces.
2024-01-04 10:39:10.777  WARN 10936 --- [    Test worker] org.apache.tomcat.util.modeler.Registry  : The MBean registry cannot be disabled because it has already been initialised
2024-01-04 10:39:10.783  INFO 10936 --- [    Test worker] o.s.b.w.embedded.tomcat.TomcatWebServer  : Tomcat initialized with port(s): 0 (http)
2024-01-04 10:39:10.784  INFO 10936 --- [    Test worker] o.apache.catalina.core.StandardService   : Starting service [Tomcat]
2024-01-04 10:39:10.785  INFO 10936 --- [    Test worker] org.apache.catalina.core.StandardEngine  : Starting Servlet engine: [Apache Tomcat/9.0.27]
2024-01-04 10:39:10.823  INFO 10936 --- [    Test worker] o.a.c.c.C.[Tomcat-1].[localhost].[/]     : Initializing Spring embedded WebApplicationContext
2024-01-04 10:39:10.824  INFO 10936 --- [    Test worker] o.s.web.context.ContextLoader            : Root WebApplicationContext: initialization completed in 352 ms
2024-01-04 10:39:10.978  INFO 10936 --- [    Test worker] de.bwaldvogel.mongo.MongoServer          : started MongoServer(port: 56442, ssl: false)
2024-01-04 10:39:10.980  INFO 10936 --- [    Test worker] org.mongodb.driver.cluster               : Cluster created with settings {hosts=[127.0.0.1:56442], mode=SINGLE, requiredClusterType=UNKNOWN, serverSelectionTimeout='30000 ms', maxWaitQueueSize=500}
2024-01-04 10:39:10.983  INFO 10936 --- [-server-worker1] d.b.mongo.wire.MongoWireProtocolHandler  : client [id: 0x8ad3a2cf, L:/127.0.0.1:56442 - R:/127.0.0.1:56443] connected
2024-01-04 10:39:10.988  WARN 10936 --- [    Test worker] o.s.data.convert.CustomConversions       : Registering converter from class java.time.LocalDateTime to class java.time.Instant as reading converter although it doesn't convert from a store-supported type! You might wanna check you annotation setup at the converter implementation.
2024-01-04 10:39:10.989  WARN 10936 --- [    Test worker] o.s.data.convert.CustomConversions       : Registering converter from class java.time.Instant to class java.time.LocalDateTime as reading converter although it doesn't convert from a store-supported type! You might wanna check you annotation setup at the converter implementation.
2024-01-04 10:39:10.990  WARN 10936 --- [    Test worker] o.s.data.convert.CustomConversions       : Registering converter from class java.time.LocalDateTime to class java.time.Instant as reading converter although it doesn't convert from a store-supported type! You might wanna check you annotation setup at the converter implementation.
2024-01-04 10:39:10.990  INFO 10936 --- [127.0.0.1:56442] org.mongodb.driver.connection            : Opened connection [connectionId{localValue:5}] to 127.0.0.1:56442
2024-01-04 10:39:10.990  WARN 10936 --- [    Test worker] o.s.data.convert.CustomConversions       : Registering converter from class java.time.Instant to class java.time.LocalDateTime as reading converter although it doesn't convert from a store-supported type! You might wanna check you annotation setup at the converter implementation.
2024-01-04 10:39:10.991  INFO 10936 --- [127.0.0.1:56442] org.mongodb.driver.cluster               : Monitor thread successfully connected to server with description ServerDescription{address=127.0.0.1:56442, type=STANDALONE, state=CONNECTED, ok=true, version=ServerVersion{versionList=[3, 0, 0]}, minWireVersion=0, maxWireVersion=2, maxDocumentSize=16777216, logicalSessionTimeoutMinutes=null, roundTripTimeNanos=860100}
2024-01-04 10:39:11.044  INFO 10936 --- [-server-worker2] d.b.mongo.wire.MongoWireProtocolHandler  : client [id: 0x1523675d, L:/127.0.0.1:56442 - R:/127.0.0.1:56444] connected
2024-01-04 10:39:11.047  INFO 10936 --- [    Test worker] org.mongodb.driver.connection            : Opened connection [connectionId{localValue:6}] to 127.0.0.1:56442
2024-01-04 10:39:11.048  INFO 10936 --- [-server-worker2] d.b.mongo.backend.AbstractMongoBackend   : created database test
2024-01-04 10:39:11.048  INFO 10936 --- [-server-worker2] d.b.mongo.backend.AbstractMongoDatabase  : adding unique _id index for collection employee
2024-01-04 10:39:11.049  INFO 10936 --- [-server-worker2] d.b.mongo.backend.AbstractMongoDatabase  : created collection test.employee
2024-01-04 10:39:11.184  INFO 10936 --- [    Test worker] o.s.s.concurrent.ThreadPoolTaskExecutor  : Initializing ExecutorService 'applicationTaskExecutor'
2024-01-04 10:39:11.291  WARN 10936 --- [    Test worker] o.s.data.convert.CustomConversions       : Registering converter from class java.time.LocalDateTime to class java.time.Instant as reading converter although it doesn't convert from a store-supported type! You might wanna check you annotation setup at the converter implementation.
2024-01-04 10:39:11.291  WARN 10936 --- [    Test worker] o.s.data.convert.CustomConversions       : Registering converter from class java.time.Instant to class java.time.LocalDateTime as reading converter although it doesn't convert from a store-supported type! You might wanna check you annotation setup at the converter implementation.
2024-01-04 10:39:11.303  WARN 10936 --- [    Test worker] o.s.data.convert.CustomConversions       : Registering converter from class java.time.LocalDateTime to class java.time.Instant as reading converter although it doesn't convert from a store-supported type! You might wanna check you annotation setup at the converter implementation.
2024-01-04 10:39:11.304  WARN 10936 --- [    Test worker] o.s.data.convert.CustomConversions       : Registering converter from class java.time.Instant to class java.time.LocalDateTime as reading converter although it doesn't convert from a store-supported type! You might wanna check you annotation setup at the converter implementation.
2024-01-04 10:39:11.356  INFO 10936 --- [    Test worker] o.s.b.w.embedded.tomcat.TomcatWebServer  : Tomcat started on port(s): 56445 (http) with context path ''
2024-01-04 10:39:11.356  INFO 10936 --- [    Test worker] m.c.s.i.ReportingStuctureServiceImplTest : Started ReportingStuctureServiceImplTest in 0.914 seconds (JVM running for 7.294)
2024-01-04 10:39:11.364 DEBUG 10936 --- [    Test worker] c.m.c.service.impl.EmployeeServiceImpl   : Calculating Number of Unique Reports for Employee with id [user1]
]]></system-out>
  <system-err><![CDATA[]]></system-err>
</testsuite>
