<?xml version="1.0" encoding="UTF-8"?>
<testsuite name="com.mindex.challenge.service.impl.CompensationServiceImplTest" tests="2" skipped="0" failures="0" errors="0" timestamp="2024-01-04T02:14:54" hostname="DESKTOP-EC56MEU" time="0.026">
  <properties/>
  <testcase name="testCreateCompensation" classname="com.mindex.challenge.service.impl.CompensationServiceImplTest" time="0.021"/>
  <testcase name="testReadCompensation" classname="com.mindex.challenge.service.impl.CompensationServiceImplTest" time="0.003"/>
  <system-out><![CDATA[2024-01-03 21:14:54.226  INFO 20456 --- [    Test worker] .b.t.c.SpringBootTestContextBootstrapper : Neither @ContextConfiguration nor @ContextHierarchy found for test class [com.mindex.challenge.service.impl.CompensationServiceImplTest], using SpringBootContextLoader
2024-01-03 21:14:54.227  INFO 20456 --- [    Test worker] o.s.t.c.support.AbstractContextLoader    : Could not detect default resource locations for test class [com.mindex.challenge.service.impl.CompensationServiceImplTest]: no resource found for suffixes {-context.xml, Context.groovy}.
2024-01-03 21:14:54.228  INFO 20456 --- [    Test worker] t.c.s.AnnotationConfigContextLoaderUtils : Could not detect default configuration classes for test class [com.mindex.challenge.service.impl.CompensationServiceImplTest]: CompensationServiceImplTest does not declare any static, non-private, non-final, nested classes annotated with @Configuration.
2024-01-03 21:14:54.240  INFO 20456 --- [    Test worker] .b.t.c.SpringBootTestContextBootstrapper : Found @SpringBootConfiguration com.mindex.challenge.ChallengeApplication for test class com.mindex.challenge.service.impl.CompensationServiceImplTest
2024-01-03 21:14:54.241  INFO 20456 --- [    Test worker] .b.t.c.SpringBootTestContextBootstrapper : Loaded default TestExecutionListener class names from location [META-INF/spring.factories]: [org.springframework.boot.test.autoconfigure.restdocs.RestDocsTestExecutionListener, org.springframework.boot.test.autoconfigure.web.client.MockRestServiceServerResetTestExecutionListener, org.springframework.boot.test.autoconfigure.web.servlet.MockMvcPrintOnlyOnFailureTestExecutionListener, org.springframework.boot.test.autoconfigure.web.servlet.WebDriverTestExecutionListener, org.springframework.boot.test.mock.mockito.MockitoTestExecutionListener, org.springframework.boot.test.mock.mockito.ResetMocksTestExecutionListener, org.springframework.test.context.web.ServletTestExecutionListener, org.springframework.test.context.support.DirtiesContextBeforeModesTestExecutionListener, org.springframework.test.context.support.DependencyInjectionTestExecutionListener, org.springframework.test.context.support.DirtiesContextTestExecutionListener, org.springframework.test.context.transaction.TransactionalTestExecutionListener, org.springframework.test.context.jdbc.SqlScriptsTestExecutionListener, org.springframework.test.context.event.EventPublishingTestExecutionListener]
2024-01-03 21:14:54.242  INFO 20456 --- [    Test worker] .b.t.c.SpringBootTestContextBootstrapper : Using TestExecutionListeners: [org.springframework.test.context.web.ServletTestExecutionListener@4ce18cec, org.springframework.test.context.support.DirtiesContextBeforeModesTestExecutionListener@2a9f8d47, org.springframework.boot.test.mock.mockito.MockitoTestExecutionListener@51297528, org.springframework.boot.test.autoconfigure.SpringBootDependencyInjectionTestExecutionListener@5d3f8661, org.springframework.test.context.support.DirtiesContextTestExecutionListener@1df9f7c6, org.springframework.test.context.transaction.TransactionalTestExecutionListener@4b5aa48b, org.springframework.test.context.jdbc.SqlScriptsTestExecutionListener@51c008fd, org.springframework.test.context.event.EventPublishingTestExecutionListener@70ed902a, org.springframework.boot.test.autoconfigure.restdocs.RestDocsTestExecutionListener@22f80e36, org.springframework.boot.test.autoconfigure.web.client.MockRestServiceServerResetTestExecutionListener@3c98981e, org.springframework.boot.test.autoconfigure.web.servlet.MockMvcPrintOnlyOnFailureTestExecutionListener@6dcee890, org.springframework.boot.test.autoconfigure.web.servlet.WebDriverTestExecutionListener@713e49c3, org.springframework.boot.test.mock.mockito.ResetMocksTestExecutionListener@13d5606c]
2024-01-03 21:14:54.551 DEBUG 20456 --- [    Test worker] c.m.c.service.impl.EmployeeServiceImpl   : Creating compensation [com.mindex.challenge.data.Compensation@77881b7a]
2024-01-03 21:14:54.558 DEBUG 20456 --- [    Test worker] c.m.c.service.impl.EmployeeServiceImpl   : Creating compensation with id [testEmployeeId]
]]></system-out>
  <system-err><![CDATA[]]></system-err>
</testsuite>
