<?xml version="1.0" encoding="UTF-8"?>
<testsuite name="com.mindex.challenge.reporting.struct.ReportingStructureTest" tests="2" skipped="0" failures="0" errors="0" timestamp="2024-01-04T02:14:54" hostname="DESKTOP-EC56MEU" time="0.004">
  <properties/>
  <testcase name="testCalculateUniqueReports" classname="com.mindex.challenge.reporting.struct.ReportingStructureTest" time="0.002"/>
  <testcase name="testCalculateUniqueReportsWithNull" classname="com.mindex.challenge.reporting.struct.ReportingStructureTest" time="0.001"/>
  <system-out><![CDATA[2024-01-03 21:14:52.851  INFO 20456 --- [    Test worker] .b.t.c.SpringBootTestContextBootstrapper : Neither @ContextConfiguration nor @ContextHierarchy found for test class [com.mindex.challenge.reporting.struct.ReportingStructureTest], using SpringBootContextLoader
2024-01-03 21:14:52.853  INFO 20456 --- [    Test worker] o.s.t.c.support.AbstractContextLoader    : Could not detect default resource locations for test class [com.mindex.challenge.reporting.struct.ReportingStructureTest]: no resource found for suffixes {-context.xml, Context.groovy}.
2024-01-03 21:14:52.853  INFO 20456 --- [    Test worker] t.c.s.AnnotationConfigContextLoaderUtils : Could not detect default configuration classes for test class [com.mindex.challenge.reporting.struct.ReportingStructureTest]: ReportingStructureTest does not declare any static, non-private, non-final, nested classes annotated with @Configuration.
2024-01-03 21:14:52.863  INFO 20456 --- [    Test worker] .b.t.c.SpringBootTestContextBootstrapper : Found @SpringBootConfiguration com.mindex.challenge.ChallengeApplication for test class com.mindex.challenge.reporting.struct.ReportingStructureTest
2024-01-03 21:14:52.865  INFO 20456 --- [    Test worker] .b.t.c.SpringBootTestContextBootstrapper : Loaded default TestExecutionListener class names from location [META-INF/spring.factories]: [org.springframework.boot.test.autoconfigure.restdocs.RestDocsTestExecutionListener, org.springframework.boot.test.autoconfigure.web.client.MockRestServiceServerResetTestExecutionListener, org.springframework.boot.test.autoconfigure.web.servlet.MockMvcPrintOnlyOnFailureTestExecutionListener, org.springframework.boot.test.autoconfigure.web.servlet.WebDriverTestExecutionListener, org.springframework.boot.test.mock.mockito.MockitoTestExecutionListener, org.springframework.boot.test.mock.mockito.ResetMocksTestExecutionListener, org.springframework.test.context.web.ServletTestExecutionListener, org.springframework.test.context.support.DirtiesContextBeforeModesTestExecutionListener, org.springframework.test.context.support.DependencyInjectionTestExecutionListener, org.springframework.test.context.support.DirtiesContextTestExecutionListener, org.springframework.test.context.transaction.TransactionalTestExecutionListener, org.springframework.test.context.jdbc.SqlScriptsTestExecutionListener, org.springframework.test.context.event.EventPublishingTestExecutionListener]
2024-01-03 21:14:52.865  INFO 20456 --- [    Test worker] .b.t.c.SpringBootTestContextBootstrapper : Using TestExecutionListeners: [org.springframework.test.context.web.ServletTestExecutionListener@655909e2, org.springframework.test.context.support.DirtiesContextBeforeModesTestExecutionListener@716ae973, org.springframework.boot.test.mock.mockito.MockitoTestExecutionListener@1171ba7e, org.springframework.boot.test.autoconfigure.SpringBootDependencyInjectionTestExecutionListener@56872fcb, org.springframework.test.context.support.DirtiesContextTestExecutionListener@7b3c2ae0, org.springframework.test.context.transaction.TransactionalTestExecutionListener@5d3b6585, org.springframework.test.context.jdbc.SqlScriptsTestExecutionListener@41059616, org.springframework.test.context.event.EventPublishingTestExecutionListener@2e93108a, org.springframework.boot.test.autoconfigure.restdocs.RestDocsTestExecutionListener@34e25492, org.springframework.boot.test.autoconfigure.web.client.MockRestServiceServerResetTestExecutionListener@32f308c6, org.springframework.boot.test.autoconfigure.web.servlet.MockMvcPrintOnlyOnFailureTestExecutionListener@5f2b9da8, org.springframework.boot.test.autoconfigure.web.servlet.WebDriverTestExecutionListener@698ac187, org.springframework.boot.test.mock.mockito.ResetMocksTestExecutionListener@4fea5ee0]

  .   ____          _            __ _ _
 /\\ / ___'_ __ _ _(_)_ __  __ _ \ \ \ \
( ( )\___ | '_ | '_| | '_ \/ _` | \ \ \ \
 \\/  ___)| |_)| | | | | || (_| |  ) ) ) )
  '  |____| .__|_| |_|_| |_\__, | / / / /
 =========|_|==============|___/=/_/_/_/
 :: Spring Boot ::        (v2.2.0.RELEASE)

2024-01-03 21:14:52.898  INFO 20456 --- [    Test worker] c.m.c.r.struct.ReportingStructureTest    : Starting ReportingStructureTest on DESKTOP-EC56MEU with PID 20456 (started by ADMIN in D:\Code\Workplace\Eclipse\Mindex\mindex-java-code-challenge)
2024-01-03 21:14:52.899 DEBUG 20456 --- [    Test worker] c.m.c.r.struct.ReportingStructureTest    : Running with Spring Boot v2.2.0.RELEASE, Spring v5.2.0.RELEASE
2024-01-03 21:14:52.899  INFO 20456 --- [    Test worker] c.m.c.r.struct.ReportingStructureTest    : No active profile set, falling back to default profiles: default
2024-01-03 21:14:53.032  INFO 20456 --- [    Test worker] .s.d.r.c.RepositoryConfigurationDelegate : Bootstrapping Spring Data repositories in DEFAULT mode.
2024-01-03 21:14:53.042  INFO 20456 --- [    Test worker] .s.d.r.c.RepositoryConfigurationDelegate : Finished Spring Data repository scanning in 9ms. Found 2 repository interfaces.
2024-01-03 21:14:53.349  INFO 20456 --- [    Test worker] o.s.b.w.embedded.tomcat.TomcatWebServer  : Tomcat initialized with port(s): 0 (http)
2024-01-03 21:14:53.368  INFO 20456 --- [    Test worker] o.apache.catalina.core.StandardService   : Starting service [Tomcat]
2024-01-03 21:14:53.369  INFO 20456 --- [    Test worker] org.apache.catalina.core.StandardEngine  : Starting Servlet engine: [Apache Tomcat/9.0.27]
2024-01-03 21:14:53.502  INFO 20456 --- [    Test worker] o.a.c.c.C.[Tomcat].[localhost].[/]       : Initializing Spring embedded WebApplicationContext
2024-01-03 21:14:53.503  INFO 20456 --- [    Test worker] o.s.web.context.ContextLoader            : Root WebApplicationContext: initialization completed in 601 ms
2024-01-03 21:14:53.698  INFO 20456 --- [    Test worker] de.bwaldvogel.mongo.MongoServer          : started MongoServer(port: 52865, ssl: false)
2024-01-03 21:14:53.700  INFO 20456 --- [    Test worker] org.mongodb.driver.cluster               : Cluster created with settings {hosts=[127.0.0.1:52865], mode=SINGLE, requiredClusterType=UNKNOWN, serverSelectionTimeout='30000 ms', maxWaitQueueSize=500}
2024-01-03 21:14:53.703  INFO 20456 --- [-server-worker1] d.b.mongo.wire.MongoWireProtocolHandler  : client [id: 0xfc3069b5, L:/127.0.0.1:52865 - R:/127.0.0.1:52866] connected
2024-01-03 21:14:53.711  WARN 20456 --- [    Test worker] o.s.data.convert.CustomConversions       : Registering converter from class java.time.LocalDateTime to class java.time.Instant as reading converter although it doesn't convert from a store-supported type! You might wanna check you annotation setup at the converter implementation.
2024-01-03 21:14:53.712  INFO 20456 --- [127.0.0.1:52865] org.mongodb.driver.connection            : Opened connection [connectionId{localValue:3}] to 127.0.0.1:52865
2024-01-03 21:14:53.712  WARN 20456 --- [    Test worker] o.s.data.convert.CustomConversions       : Registering converter from class java.time.Instant to class java.time.LocalDateTime as reading converter although it doesn't convert from a store-supported type! You might wanna check you annotation setup at the converter implementation.
2024-01-03 21:14:53.713  WARN 20456 --- [    Test worker] o.s.data.convert.CustomConversions       : Registering converter from class java.time.LocalDateTime to class java.time.Instant as reading converter although it doesn't convert from a store-supported type! You might wanna check you annotation setup at the converter implementation.
2024-01-03 21:14:53.713  INFO 20456 --- [127.0.0.1:52865] org.mongodb.driver.cluster               : Monitor thread successfully connected to server with description ServerDescription{address=127.0.0.1:52865, type=STANDALONE, state=CONNECTED, ok=true, version=ServerVersion{versionList=[3, 0, 0]}, minWireVersion=0, maxWireVersion=2, maxDocumentSize=16777216, logicalSessionTimeoutMinutes=null, roundTripTimeNanos=986800}
2024-01-03 21:14:53.713  WARN 20456 --- [    Test worker] o.s.data.convert.CustomConversions       : Registering converter from class java.time.Instant to class java.time.LocalDateTime as reading converter although it doesn't convert from a store-supported type! You might wanna check you annotation setup at the converter implementation.
2024-01-03 21:14:53.784  INFO 20456 --- [-server-worker2] d.b.mongo.wire.MongoWireProtocolHandler  : client [id: 0xec8ffd8e, L:/127.0.0.1:52865 - R:/127.0.0.1:52867] connected
2024-01-03 21:14:53.794  INFO 20456 --- [    Test worker] org.mongodb.driver.connection            : Opened connection [connectionId{localValue:4}] to 127.0.0.1:52865
2024-01-03 21:14:53.795  INFO 20456 --- [-server-worker2] d.b.mongo.backend.AbstractMongoBackend   : created database test
2024-01-03 21:14:53.795  INFO 20456 --- [-server-worker2] d.b.mongo.backend.AbstractMongoDatabase  : adding unique _id index for collection employee
2024-01-03 21:14:53.796  INFO 20456 --- [-server-worker2] d.b.mongo.backend.AbstractMongoDatabase  : created collection test.employee
2024-01-03 21:14:53.813  INFO 20456 --- [-server-worker2] d.b.mongo.backend.AbstractMongoDatabase  : adding unique _id index for collection compensation
2024-01-03 21:14:53.813  INFO 20456 --- [-server-worker2] d.b.mongo.backend.AbstractMongoDatabase  : created collection test.compensation
2024-01-03 21:14:53.963  INFO 20456 --- [    Test worker] o.s.s.concurrent.ThreadPoolTaskExecutor  : Initializing ExecutorService 'applicationTaskExecutor'
2024-01-03 21:14:54.100  WARN 20456 --- [    Test worker] o.s.data.convert.CustomConversions       : Registering converter from class java.time.LocalDateTime to class java.time.Instant as reading converter although it doesn't convert from a store-supported type! You might wanna check you annotation setup at the converter implementation.
2024-01-03 21:14:54.101  WARN 20456 --- [    Test worker] o.s.data.convert.CustomConversions       : Registering converter from class java.time.Instant to class java.time.LocalDateTime as reading converter although it doesn't convert from a store-supported type! You might wanna check you annotation setup at the converter implementation.
2024-01-03 21:14:54.119  WARN 20456 --- [    Test worker] o.s.data.convert.CustomConversions       : Registering converter from class java.time.LocalDateTime to class java.time.Instant as reading converter although it doesn't convert from a store-supported type! You might wanna check you annotation setup at the converter implementation.
2024-01-03 21:14:54.119  WARN 20456 --- [    Test worker] o.s.data.convert.CustomConversions       : Registering converter from class java.time.Instant to class java.time.LocalDateTime as reading converter although it doesn't convert from a store-supported type! You might wanna check you annotation setup at the converter implementation.
2024-01-03 21:14:54.211  INFO 20456 --- [    Test worker] o.s.b.w.embedded.tomcat.TomcatWebServer  : Tomcat started on port(s): 52868 (http) with context path ''
2024-01-03 21:14:54.212  INFO 20456 --- [    Test worker] c.m.c.r.struct.ReportingStructureTest    : Started ReportingStructureTest in 1.345 seconds (JVM running for 5.996)
]]></system-out>
  <system-err><![CDATA[]]></system-err>
</testsuite>
