<?xml version="1.0" encoding="UTF-8"?>
<testsuite name="com.mindex.challenge.DataBootstrapTest" tests="1" skipped="0" failures="0" errors="0" timestamp="2024-01-04T00:41:02" hostname="DESKTOP-EC56MEU" time="0.054">
  <properties/>
  <testcase name="test" classname="com.mindex.challenge.DataBootstrapTest" time="0.054"/>
  <system-out><![CDATA[2024-01-03 19:41:02.838  INFO 31564 --- [    Test worker] .b.t.c.SpringBootTestContextBootstrapper : Neither @ContextConfiguration nor @ContextHierarchy found for test class [com.mindex.challenge.DataBootstrapTest], using SpringBootContextLoader
2024-01-03 19:41:02.839  INFO 31564 --- [    Test worker] o.s.t.c.support.AbstractContextLoader    : Could not detect default resource locations for test class [com.mindex.challenge.DataBootstrapTest]: no resource found for suffixes {-context.xml, Context.groovy}.
2024-01-03 19:41:02.839  INFO 31564 --- [    Test worker] t.c.s.AnnotationConfigContextLoaderUtils : Could not detect default configuration classes for test class [com.mindex.challenge.DataBootstrapTest]: DataBootstrapTest does not declare any static, non-private, non-final, nested classes annotated with @Configuration.
2024-01-03 19:41:02.841  INFO 31564 --- [    Test worker] .b.t.c.SpringBootTestContextBootstrapper : Found @SpringBootConfiguration com.mindex.challenge.ChallengeApplication for test class com.mindex.challenge.DataBootstrapTest
2024-01-03 19:41:02.842  INFO 31564 --- [    Test worker] .b.t.c.SpringBootTestContextBootstrapper : Loaded default TestExecutionListener class names from location [META-INF/spring.factories]: [org.springframework.boot.test.autoconfigure.restdocs.RestDocsTestExecutionListener, org.springframework.boot.test.autoconfigure.web.client.MockRestServiceServerResetTestExecutionListener, org.springframework.boot.test.autoconfigure.web.servlet.MockMvcPrintOnlyOnFailureTestExecutionListener, org.springframework.boot.test.autoconfigure.web.servlet.WebDriverTestExecutionListener, org.springframework.boot.test.mock.mockito.MockitoTestExecutionListener, org.springframework.boot.test.mock.mockito.ResetMocksTestExecutionListener, org.springframework.test.context.web.ServletTestExecutionListener, org.springframework.test.context.support.DirtiesContextBeforeModesTestExecutionListener, org.springframework.test.context.support.DependencyInjectionTestExecutionListener, org.springframework.test.context.support.DirtiesContextTestExecutionListener, org.springframework.test.context.transaction.TransactionalTestExecutionListener, org.springframework.test.context.jdbc.SqlScriptsTestExecutionListener, org.springframework.test.context.event.EventPublishingTestExecutionListener]
2024-01-03 19:41:02.843  INFO 31564 --- [    Test worker] .b.t.c.SpringBootTestContextBootstrapper : Using TestExecutionListeners: [org.springframework.test.context.web.ServletTestExecutionListener@175ac243, org.springframework.test.context.support.DirtiesContextBeforeModesTestExecutionListener@51a719e7, org.springframework.boot.test.mock.mockito.MockitoTestExecutionListener@fd4459b, org.springframework.boot.test.autoconfigure.SpringBootDependencyInjectionTestExecutionListener@1073c664, org.springframework.test.context.support.DirtiesContextTestExecutionListener@517a46f3, org.springframework.test.context.transaction.TransactionalTestExecutionListener@38fb151a, org.springframework.test.context.jdbc.SqlScriptsTestExecutionListener@152e7703, org.springframework.test.context.event.EventPublishingTestExecutionListener@1b60d324, org.springframework.boot.test.autoconfigure.restdocs.RestDocsTestExecutionListener@182e4365, org.springframework.boot.test.autoconfigure.web.client.MockRestServiceServerResetTestExecutionListener@789dd6bf, org.springframework.boot.test.autoconfigure.web.servlet.MockMvcPrintOnlyOnFailureTestExecutionListener@1e6d30c0, org.springframework.boot.test.autoconfigure.web.servlet.WebDriverTestExecutionListener@38929da, org.springframework.boot.test.mock.mockito.ResetMocksTestExecutionListener@69d667a5]
]]></system-out>
  <system-err><![CDATA[]]></system-err>
</testsuite>
