<?xml version="1.0" encoding="UTF-8"?>
<testsuite name="com.mindex.challenge.DataBootstrapTest" tests="1" skipped="0" failures="0" errors="0" timestamp="2024-01-04T02:14:52" hostname="DESKTOP-EC56MEU" time="0.082">
  <properties/>
  <testcase name="test" classname="com.mindex.challenge.DataBootstrapTest" time="0.082"/>
  <system-out><![CDATA[2024-01-03 21:14:52.757  INFO 20456 --- [    Test worker] .b.t.c.SpringBootTestContextBootstrapper : Neither @ContextConfiguration nor @ContextHierarchy found for test class [com.mindex.challenge.DataBootstrapTest], using SpringBootContextLoader
2024-01-03 21:14:52.759  INFO 20456 --- [    Test worker] o.s.t.c.support.AbstractContextLoader    : Could not detect default resource locations for test class [com.mindex.challenge.DataBootstrapTest]: no resource found for suffixes {-context.xml, Context.groovy}.
2024-01-03 21:14:52.759  INFO 20456 --- [    Test worker] t.c.s.AnnotationConfigContextLoaderUtils : Could not detect default configuration classes for test class [com.mindex.challenge.DataBootstrapTest]: DataBootstrapTest does not declare any static, non-private, non-final, nested classes annotated with @Configuration.
2024-01-03 21:14:52.761  INFO 20456 --- [    Test worker] .b.t.c.SpringBootTestContextBootstrapper : Found @SpringBootConfiguration com.mindex.challenge.ChallengeApplication for test class com.mindex.challenge.DataBootstrapTest
2024-01-03 21:14:52.762  INFO 20456 --- [    Test worker] .b.t.c.SpringBootTestContextBootstrapper : Loaded default TestExecutionListener class names from location [META-INF/spring.factories]: [org.springframework.boot.test.autoconfigure.restdocs.RestDocsTestExecutionListener, org.springframework.boot.test.autoconfigure.web.client.MockRestServiceServerResetTestExecutionListener, org.springframework.boot.test.autoconfigure.web.servlet.MockMvcPrintOnlyOnFailureTestExecutionListener, org.springframework.boot.test.autoconfigure.web.servlet.WebDriverTestExecutionListener, org.springframework.boot.test.mock.mockito.MockitoTestExecutionListener, org.springframework.boot.test.mock.mockito.ResetMocksTestExecutionListener, org.springframework.test.context.web.ServletTestExecutionListener, org.springframework.test.context.support.DirtiesContextBeforeModesTestExecutionListener, org.springframework.test.context.support.DependencyInjectionTestExecutionListener, org.springframework.test.context.support.DirtiesContextTestExecutionListener, org.springframework.test.context.transaction.TransactionalTestExecutionListener, org.springframework.test.context.jdbc.SqlScriptsTestExecutionListener, org.springframework.test.context.event.EventPublishingTestExecutionListener]
2024-01-03 21:14:52.763  INFO 20456 --- [    Test worker] .b.t.c.SpringBootTestContextBootstrapper : Using TestExecutionListeners: [org.springframework.test.context.web.ServletTestExecutionListener@77d0dbba, org.springframework.test.context.support.DirtiesContextBeforeModesTestExecutionListener@70b196d3, org.springframework.boot.test.mock.mockito.MockitoTestExecutionListener@67ceeffd, org.springframework.boot.test.autoconfigure.SpringBootDependencyInjectionTestExecutionListener@3fc1abf, org.springframework.test.context.support.DirtiesContextTestExecutionListener@72001c71, org.springframework.test.context.transaction.TransactionalTestExecutionListener@e7b0bec, org.springframework.test.context.jdbc.SqlScriptsTestExecutionListener@1e5aacd9, org.springframework.test.context.event.EventPublishingTestExecutionListener@7d90644f, org.springframework.boot.test.autoconfigure.restdocs.RestDocsTestExecutionListener@f810c18, org.springframework.boot.test.autoconfigure.web.client.MockRestServiceServerResetTestExecutionListener@59f3426f, org.springframework.boot.test.autoconfigure.web.servlet.MockMvcPrintOnlyOnFailureTestExecutionListener@120411ec, org.springframework.boot.test.autoconfigure.web.servlet.WebDriverTestExecutionListener@6cc8adff, org.springframework.boot.test.mock.mockito.ResetMocksTestExecutionListener@6b2e9db2]
]]></system-out>
  <system-err><![CDATA[]]></system-err>
</testsuite>
