<?xml version="1.0" encoding="UTF-8"?>
<testsuite name="com.mindex.challenge.reporting.struct.ReportingStructureTest" tests="2" skipped="0" failures="0" errors="0" timestamp="2024-01-04T00:41:04" hostname="DESKTOP-EC56MEU" time="0.006">
  <properties/>
  <testcase name="testCalculateUniqueReports" classname="com.mindex.challenge.reporting.struct.ReportingStructureTest" time="0.003"/>
  <testcase name="testCalculateUniqueReportsWithNull" classname="com.mindex.challenge.reporting.struct.ReportingStructureTest" time="0.002"/>
  <system-out><![CDATA[2024-01-03 19:41:02.902  INFO 31564 --- [    Test worker] .b.t.c.SpringBootTestContextBootstrapper : Neither @ContextConfiguration nor @ContextHierarchy found for test class [com.mindex.challenge.reporting.struct.ReportingStructureTest], using SpringBootContextLoader
2024-01-03 19:41:02.903  INFO 31564 --- [    Test worker] o.s.t.c.support.AbstractContextLoader    : Could not detect default resource locations for test class [com.mindex.challenge.reporting.struct.ReportingStructureTest]: no resource found for suffixes {-context.xml, Context.groovy}.
2024-01-03 19:41:02.904  INFO 31564 --- [    Test worker] t.c.s.AnnotationConfigContextLoaderUtils : Could not detect default configuration classes for test class [com.mindex.challenge.reporting.struct.ReportingStructureTest]: ReportingStructureTest does not declare any static, non-private, non-final, nested classes annotated with @Configuration.
2024-01-03 19:41:02.913  INFO 31564 --- [    Test worker] .b.t.c.SpringBootTestContextBootstrapper : Found @SpringBootConfiguration com.mindex.challenge.ChallengeApplication for test class com.mindex.challenge.reporting.struct.ReportingStructureTest
2024-01-03 19:41:02.914  INFO 31564 --- [    Test worker] .b.t.c.SpringBootTestContextBootstrapper : Loaded default TestExecutionListener class names from location [META-INF/spring.factories]: [org.springframework.boot.test.autoconfigure.restdocs.RestDocsTestExecutionListener, org.springframework.boot.test.autoconfigure.web.client.MockRestServiceServerResetTestExecutionListener, org.springframework.boot.test.autoconfigure.web.servlet.MockMvcPrintOnlyOnFailureTestExecutionListener, org.springframework.boot.test.autoconfigure.web.servlet.WebDriverTestExecutionListener, org.springframework.boot.test.mock.mockito.MockitoTestExecutionListener, org.springframework.boot.test.mock.mockito.ResetMocksTestExecutionListener, org.springframework.test.context.web.ServletTestExecutionListener, org.springframework.test.context.support.DirtiesContextBeforeModesTestExecutionListener, org.springframework.test.context.support.DependencyInjectionTestExecutionListener, org.springframework.test.context.support.DirtiesContextTestExecutionListener, org.springframework.test.context.transaction.TransactionalTestExecutionListener, org.springframework.test.context.jdbc.SqlScriptsTestExecutionListener, org.springframework.test.context.event.EventPublishingTestExecutionListener]
2024-01-03 19:41:02.915  INFO 31564 --- [    Test worker] .b.t.c.SpringBootTestContextBootstrapper : Using TestExecutionListeners: [org.springframework.test.context.web.ServletTestExecutionListener@334b392d, org.springframework.test.context.support.DirtiesContextBeforeModesTestExecutionListener@59f7c106, org.springframework.boot.test.mock.mockito.MockitoTestExecutionListener@136fece2, org.springframework.boot.test.autoconfigure.SpringBootDependencyInjectionTestExecutionListener@56478522, org.springframework.test.context.support.DirtiesContextTestExecutionListener@3caf5c96, org.springframework.test.context.transaction.TransactionalTestExecutionListener@5b3755f4, org.springframework.test.context.jdbc.SqlScriptsTestExecutionListener@37d3aa8c, org.springframework.test.context.event.EventPublishingTestExecutionListener@5dd747c1, org.springframework.boot.test.autoconfigure.restdocs.RestDocsTestExecutionListener@1bdafb01, org.springframework.boot.test.autoconfigure.web.client.MockRestServiceServerResetTestExecutionListener@7aa3857b, org.springframework.boot.test.autoconfigure.web.servlet.MockMvcPrintOnlyOnFailureTestExecutionListener@500ec769, org.springframework.boot.test.autoconfigure.web.servlet.WebDriverTestExecutionListener@37806be6, org.springframework.boot.test.mock.mockito.ResetMocksTestExecutionListener@7bce9ce4]

  .   ____          _            __ _ _
 /\\ / ___'_ __ _ _(_)_ __  __ _ \ \ \ \
( ( )\___ | '_ | '_| | '_ \/ _` | \ \ \ \
 \\/  ___)| |_)| | | | | || (_| |  ) ) ) )
  '  |____| .__|_| |_|_| |_\__, | / / / /
 =========|_|==============|___/=/_/_/_/
 :: Spring Boot ::        (v2.2.0.RELEASE)

2024-01-03 19:41:02.945  INFO 31564 --- [    Test worker] c.m.c.r.struct.ReportingStructureTest    : Starting ReportingStructureTest on DESKTOP-EC56MEU with PID 31564 (started by ADMIN in D:\Code\Workplace\Eclipse\Mindex\mindex-java-code-challenge)
2024-01-03 19:41:02.946 DEBUG 31564 --- [    Test worker] c.m.c.r.struct.ReportingStructureTest    : Running with Spring Boot v2.2.0.RELEASE, Spring v5.2.0.RELEASE
2024-01-03 19:41:02.946  INFO 31564 --- [    Test worker] c.m.c.r.struct.ReportingStructureTest    : No active profile set, falling back to default profiles: default
2024-01-03 19:41:03.078  INFO 31564 --- [    Test worker] .s.d.r.c.RepositoryConfigurationDelegate : Bootstrapping Spring Data repositories in DEFAULT mode.
2024-01-03 19:41:03.084  INFO 31564 --- [    Test worker] .s.d.r.c.RepositoryConfigurationDelegate : Finished Spring Data repository scanning in 5ms. Found 1 repository interfaces.
2024-01-03 19:41:03.378  INFO 31564 --- [    Test worker] o.s.b.w.embedded.tomcat.TomcatWebServer  : Tomcat initialized with port(s): 0 (http)
2024-01-03 19:41:03.389  INFO 31564 --- [    Test worker] o.apache.catalina.core.StandardService   : Starting service [Tomcat]
2024-01-03 19:41:03.390  INFO 31564 --- [    Test worker] org.apache.catalina.core.StandardEngine  : Starting Servlet engine: [Apache Tomcat/9.0.27]
2024-01-03 19:41:03.506  INFO 31564 --- [    Test worker] o.a.c.c.C.[Tomcat].[localhost].[/]       : Initializing Spring embedded WebApplicationContext
2024-01-03 19:41:03.506  INFO 31564 --- [    Test worker] o.s.web.context.ContextLoader            : Root WebApplicationContext: initialization completed in 557 ms
2024-01-03 19:41:03.693  INFO 31564 --- [    Test worker] de.bwaldvogel.mongo.MongoServer          : started MongoServer(port: 64536, ssl: false)
2024-01-03 19:41:03.695  INFO 31564 --- [    Test worker] org.mongodb.driver.cluster               : Cluster created with settings {hosts=[127.0.0.1:64536], mode=SINGLE, requiredClusterType=UNKNOWN, serverSelectionTimeout='30000 ms', maxWaitQueueSize=500}
2024-01-03 19:41:03.701  INFO 31564 --- [-server-worker1] d.b.mongo.wire.MongoWireProtocolHandler  : client [id: 0xcebc52e2, L:/127.0.0.1:64536 - R:/127.0.0.1:64537] connected
2024-01-03 19:41:03.705  WARN 31564 --- [    Test worker] o.s.data.convert.CustomConversions       : Registering converter from class java.time.LocalDateTime to class java.time.Instant as reading converter although it doesn't convert from a store-supported type! You might wanna check you annotation setup at the converter implementation.
2024-01-03 19:41:03.705  WARN 31564 --- [    Test worker] o.s.data.convert.CustomConversions       : Registering converter from class java.time.Instant to class java.time.LocalDateTime as reading converter although it doesn't convert from a store-supported type! You might wanna check you annotation setup at the converter implementation.
2024-01-03 19:41:03.707  WARN 31564 --- [    Test worker] o.s.data.convert.CustomConversions       : Registering converter from class java.time.LocalDateTime to class java.time.Instant as reading converter although it doesn't convert from a store-supported type! You might wanna check you annotation setup at the converter implementation.
2024-01-03 19:41:03.707  WARN 31564 --- [    Test worker] o.s.data.convert.CustomConversions       : Registering converter from class java.time.Instant to class java.time.LocalDateTime as reading converter although it doesn't convert from a store-supported type! You might wanna check you annotation setup at the converter implementation.
2024-01-03 19:41:03.715  INFO 31564 --- [127.0.0.1:64536] org.mongodb.driver.connection            : Opened connection [connectionId{localValue:3}] to 127.0.0.1:64536
2024-01-03 19:41:03.717  INFO 31564 --- [127.0.0.1:64536] org.mongodb.driver.cluster               : Monitor thread successfully connected to server with description ServerDescription{address=127.0.0.1:64536, type=STANDALONE, state=CONNECTED, ok=true, version=ServerVersion{versionList=[3, 0, 0]}, minWireVersion=0, maxWireVersion=2, maxDocumentSize=16777216, logicalSessionTimeoutMinutes=null, roundTripTimeNanos=1309100}
2024-01-03 19:41:03.771  INFO 31564 --- [-server-worker2] d.b.mongo.wire.MongoWireProtocolHandler  : client [id: 0x8d844c6e, L:/127.0.0.1:64536 - R:/127.0.0.1:64538] connected
2024-01-03 19:41:03.782  INFO 31564 --- [    Test worker] org.mongodb.driver.connection            : Opened connection [connectionId{localValue:4}] to 127.0.0.1:64536
2024-01-03 19:41:03.783  INFO 31564 --- [-server-worker2] d.b.mongo.backend.AbstractMongoBackend   : created database test
2024-01-03 19:41:03.783  INFO 31564 --- [-server-worker2] d.b.mongo.backend.AbstractMongoDatabase  : adding unique _id index for collection employee
2024-01-03 19:41:03.784  INFO 31564 --- [-server-worker2] d.b.mongo.backend.AbstractMongoDatabase  : created collection test.employee
2024-01-03 19:41:03.915  INFO 31564 --- [    Test worker] o.s.s.concurrent.ThreadPoolTaskExecutor  : Initializing ExecutorService 'applicationTaskExecutor'
2024-01-03 19:41:04.024  WARN 31564 --- [    Test worker] o.s.data.convert.CustomConversions       : Registering converter from class java.time.LocalDateTime to class java.time.Instant as reading converter although it doesn't convert from a store-supported type! You might wanna check you annotation setup at the converter implementation.
2024-01-03 19:41:04.024  WARN 31564 --- [    Test worker] o.s.data.convert.CustomConversions       : Registering converter from class java.time.Instant to class java.time.LocalDateTime as reading converter although it doesn't convert from a store-supported type! You might wanna check you annotation setup at the converter implementation.
2024-01-03 19:41:04.040  WARN 31564 --- [    Test worker] o.s.data.convert.CustomConversions       : Registering converter from class java.time.LocalDateTime to class java.time.Instant as reading converter although it doesn't convert from a store-supported type! You might wanna check you annotation setup at the converter implementation.
2024-01-03 19:41:04.040  WARN 31564 --- [    Test worker] o.s.data.convert.CustomConversions       : Registering converter from class java.time.Instant to class java.time.LocalDateTime as reading converter although it doesn't convert from a store-supported type! You might wanna check you annotation setup at the converter implementation.
2024-01-03 19:41:04.128  INFO 31564 --- [    Test worker] o.s.b.w.embedded.tomcat.TomcatWebServer  : Tomcat started on port(s): 64539 (http) with context path ''
2024-01-03 19:41:04.130  INFO 31564 --- [    Test worker] c.m.c.r.struct.ReportingStructureTest    : Started ReportingStructureTest in 1.212 seconds (JVM running for 5.738)
]]></system-out>
  <system-err><![CDATA[]]></system-err>
</testsuite>
