<?xml version="1.0" encoding="UTF-8"?>
<testsuite name="com.mindex.challenge.service.impl.CompensationServiceImplTest" tests="2" skipped="0" failures="0" errors="0" timestamp="2024-01-04T15:39:10" hostname="DESKTOP-EC56MEU" time="0.025">
  <properties/>
  <testcase name="testCreateCompensation" classname="com.mindex.challenge.service.impl.CompensationServiceImplTest" time="0.02"/>
  <testcase name="testReadCompensation" classname="com.mindex.challenge.service.impl.CompensationServiceImplTest" time="0.004"/>
  <system-out><![CDATA[2024-01-04 10:39:08.614  INFO 10936 --- [    Test worker] .b.t.c.SpringBootTestContextBootstrapper : Neither @ContextConfiguration nor @ContextHierarchy found for test class [com.mindex.challenge.service.impl.CompensationServiceImplTest], using SpringBootContextLoader
2024-01-04 10:39:08.615  INFO 10936 --- [    Test worker] o.s.t.c.support.AbstractContextLoader    : Could not detect default resource locations for test class [com.mindex.challenge.service.impl.CompensationServiceImplTest]: no resource found for suffixes {-context.xml, Context.groovy}.
2024-01-04 10:39:08.616  INFO 10936 --- [    Test worker] t.c.s.AnnotationConfigContextLoaderUtils : Could not detect default configuration classes for test class [com.mindex.challenge.service.impl.CompensationServiceImplTest]: CompensationServiceImplTest does not declare any static, non-private, non-final, nested classes annotated with @Configuration.
2024-01-04 10:39:08.631  INFO 10936 --- [    Test worker] .b.t.c.SpringBootTestContextBootstrapper : Found @SpringBootConfiguration com.mindex.challenge.ChallengeApplication for test class com.mindex.challenge.service.impl.CompensationServiceImplTest
2024-01-04 10:39:08.632  INFO 10936 --- [    Test worker] .b.t.c.SpringBootTestContextBootstrapper : Loaded default TestExecutionListener class names from location [META-INF/spring.factories]: [org.springframework.boot.test.autoconfigure.restdocs.RestDocsTestExecutionListener, org.springframework.boot.test.autoconfigure.web.client.MockRestServiceServerResetTestExecutionListener, org.springframework.boot.test.autoconfigure.web.servlet.MockMvcPrintOnlyOnFailureTestExecutionListener, org.springframework.boot.test.autoconfigure.web.servlet.WebDriverTestExecutionListener, org.springframework.boot.test.mock.mockito.MockitoTestExecutionListener, org.springframework.boot.test.mock.mockito.ResetMocksTestExecutionListener, org.springframework.test.context.web.ServletTestExecutionListener, org.springframework.test.context.support.DirtiesContextBeforeModesTestExecutionListener, org.springframework.test.context.support.DependencyInjectionTestExecutionListener, org.springframework.test.context.support.DirtiesContextTestExecutionListener, org.springframework.test.context.transaction.TransactionalTestExecutionListener, org.springframework.test.context.jdbc.SqlScriptsTestExecutionListener, org.springframework.test.context.event.EventPublishingTestExecutionListener]
2024-01-04 10:39:08.633  INFO 10936 --- [    Test worker] .b.t.c.SpringBootTestContextBootstrapper : Using TestExecutionListeners: [org.springframework.test.context.web.ServletTestExecutionListener@3a8fb023, org.springframework.test.context.support.DirtiesContextBeforeModesTestExecutionListener@26d73519, org.springframework.boot.test.mock.mockito.MockitoTestExecutionListener@48af5f38, org.springframework.boot.test.autoconfigure.SpringBootDependencyInjectionTestExecutionListener@40538370, org.springframework.test.context.support.DirtiesContextTestExecutionListener@71a2df1, org.springframework.test.context.transaction.TransactionalTestExecutionListener@18faaff6, org.springframework.test.context.jdbc.SqlScriptsTestExecutionListener@2a9e754e, org.springframework.test.context.event.EventPublishingTestExecutionListener@760a2b6e, org.springframework.boot.test.autoconfigure.restdocs.RestDocsTestExecutionListener@20a9f5fb, org.springframework.boot.test.autoconfigure.web.client.MockRestServiceServerResetTestExecutionListener@6d617b07, org.springframework.boot.test.autoconfigure.web.servlet.MockMvcPrintOnlyOnFailureTestExecutionListener@340c57e0, org.springframework.boot.test.autoconfigure.web.servlet.WebDriverTestExecutionListener@137a4b54, org.springframework.boot.test.mock.mockito.ResetMocksTestExecutionListener@7c9372ed]

  .   ____          _            __ _ _
 /\\ / ___'_ __ _ _(_)_ __  __ _ \ \ \ \
( ( )\___ | '_ | '_| | '_ \/ _` | \ \ \ \
 \\/  ___)| |_)| | | | | || (_| |  ) ) ) )
  '  |____| .__|_| |_|_| |_\__, | / / / /
 =========|_|==============|___/=/_/_/_/
 :: Spring Boot ::        (v2.2.0.RELEASE)

2024-01-04 10:39:08.844  INFO 10936 --- [    Test worker] c.m.c.s.i.CompensationServiceImplTest    : Starting CompensationServiceImplTest on DESKTOP-EC56MEU with PID 10936 (started by ADMIN in D:\Code\Workplace\Eclipse\Mindex\mindex-java-code-challenge)
2024-01-04 10:39:08.844 DEBUG 10936 --- [    Test worker] c.m.c.s.i.CompensationServiceImplTest    : Running with Spring Boot v2.2.0.RELEASE, Spring v5.2.0.RELEASE
2024-01-04 10:39:08.845  INFO 10936 --- [    Test worker] c.m.c.s.i.CompensationServiceImplTest    : No active profile set, falling back to default profiles: default
2024-01-04 10:39:08.978  INFO 10936 --- [    Test worker] .s.d.r.c.RepositoryConfigurationDelegate : Bootstrapping Spring Data repositories in DEFAULT mode.
2024-01-04 10:39:08.985  INFO 10936 --- [    Test worker] .s.d.r.c.RepositoryConfigurationDelegate : Finished Spring Data repository scanning in 7ms. Found 2 repository interfaces.
2024-01-04 10:39:09.340  INFO 10936 --- [    Test worker] o.s.b.w.embedded.tomcat.TomcatWebServer  : Tomcat initialized with port(s): 0 (http)
2024-01-04 10:39:09.351  INFO 10936 --- [    Test worker] o.apache.catalina.core.StandardService   : Starting service [Tomcat]
2024-01-04 10:39:09.352  INFO 10936 --- [    Test worker] org.apache.catalina.core.StandardEngine  : Starting Servlet engine: [Apache Tomcat/9.0.27]
2024-01-04 10:39:09.499  INFO 10936 --- [    Test worker] o.a.c.c.C.[Tomcat].[localhost].[/]       : Initializing Spring embedded WebApplicationContext
2024-01-04 10:39:09.499  INFO 10936 --- [    Test worker] o.s.web.context.ContextLoader            : Root WebApplicationContext: initialization completed in 651 ms
2024-01-04 10:39:09.706  INFO 10936 --- [    Test worker] de.bwaldvogel.mongo.MongoServer          : started MongoServer(port: 56436, ssl: false)
2024-01-04 10:39:09.709  INFO 10936 --- [    Test worker] org.mongodb.driver.cluster               : Cluster created with settings {hosts=[127.0.0.1:56436], mode=SINGLE, requiredClusterType=UNKNOWN, serverSelectionTimeout='30000 ms', maxWaitQueueSize=500}
2024-01-04 10:39:09.715  INFO 10936 --- [-server-worker1] d.b.mongo.wire.MongoWireProtocolHandler  : client [id: 0xfb5487ef, L:/127.0.0.1:56436 - R:/127.0.0.1:56437] connected
2024-01-04 10:39:09.721  WARN 10936 --- [    Test worker] o.s.data.convert.CustomConversions       : Registering converter from class java.time.LocalDateTime to class java.time.Instant as reading converter although it doesn't convert from a store-supported type! You might wanna check you annotation setup at the converter implementation.
2024-01-04 10:39:09.721  WARN 10936 --- [    Test worker] o.s.data.convert.CustomConversions       : Registering converter from class java.time.Instant to class java.time.LocalDateTime as reading converter although it doesn't convert from a store-supported type! You might wanna check you annotation setup at the converter implementation.
2024-01-04 10:39:09.723  WARN 10936 --- [    Test worker] o.s.data.convert.CustomConversions       : Registering converter from class java.time.LocalDateTime to class java.time.Instant as reading converter although it doesn't convert from a store-supported type! You might wanna check you annotation setup at the converter implementation.
2024-01-04 10:39:09.723  WARN 10936 --- [    Test worker] o.s.data.convert.CustomConversions       : Registering converter from class java.time.Instant to class java.time.LocalDateTime as reading converter although it doesn't convert from a store-supported type! You might wanna check you annotation setup at the converter implementation.
2024-01-04 10:39:09.731  INFO 10936 --- [127.0.0.1:56436] org.mongodb.driver.connection            : Opened connection [connectionId{localValue:3}] to 127.0.0.1:56436
2024-01-04 10:39:09.733  INFO 10936 --- [127.0.0.1:56436] org.mongodb.driver.cluster               : Monitor thread successfully connected to server with description ServerDescription{address=127.0.0.1:56436, type=STANDALONE, state=CONNECTED, ok=true, version=ServerVersion{versionList=[3, 0, 0]}, minWireVersion=0, maxWireVersion=2, maxDocumentSize=16777216, logicalSessionTimeoutMinutes=null, roundTripTimeNanos=1525800}
2024-01-04 10:39:09.795  INFO 10936 --- [-server-worker2] d.b.mongo.wire.MongoWireProtocolHandler  : client [id: 0x70f8839c, L:/127.0.0.1:56436 - R:/127.0.0.1:56438] connected
2024-01-04 10:39:09.802  INFO 10936 --- [    Test worker] org.mongodb.driver.connection            : Opened connection [connectionId{localValue:4}] to 127.0.0.1:56436
2024-01-04 10:39:09.803  INFO 10936 --- [-server-worker2] d.b.mongo.backend.AbstractMongoBackend   : created database test
2024-01-04 10:39:09.803  INFO 10936 --- [-server-worker2] d.b.mongo.backend.AbstractMongoDatabase  : adding unique _id index for collection employee
2024-01-04 10:39:09.803  INFO 10936 --- [-server-worker2] d.b.mongo.backend.AbstractMongoDatabase  : created collection test.employee
2024-01-04 10:39:09.943  INFO 10936 --- [    Test worker] o.s.s.concurrent.ThreadPoolTaskExecutor  : Initializing ExecutorService 'applicationTaskExecutor'
2024-01-04 10:39:10.050  WARN 10936 --- [    Test worker] o.s.data.convert.CustomConversions       : Registering converter from class java.time.LocalDateTime to class java.time.Instant as reading converter although it doesn't convert from a store-supported type! You might wanna check you annotation setup at the converter implementation.
2024-01-04 10:39:10.050  WARN 10936 --- [    Test worker] o.s.data.convert.CustomConversions       : Registering converter from class java.time.Instant to class java.time.LocalDateTime as reading converter although it doesn't convert from a store-supported type! You might wanna check you annotation setup at the converter implementation.
2024-01-04 10:39:10.065  WARN 10936 --- [    Test worker] o.s.data.convert.CustomConversions       : Registering converter from class java.time.LocalDateTime to class java.time.Instant as reading converter although it doesn't convert from a store-supported type! You might wanna check you annotation setup at the converter implementation.
2024-01-04 10:39:10.066  WARN 10936 --- [    Test worker] o.s.data.convert.CustomConversions       : Registering converter from class java.time.Instant to class java.time.LocalDateTime as reading converter although it doesn't convert from a store-supported type! You might wanna check you annotation setup at the converter implementation.
2024-01-04 10:39:10.150  INFO 10936 --- [    Test worker] o.s.b.w.embedded.tomcat.TomcatWebServer  : Tomcat started on port(s): 56440 (http) with context path ''
2024-01-04 10:39:10.152  INFO 10936 --- [    Test worker] c.m.c.s.i.CompensationServiceImplTest    : Started CompensationServiceImplTest in 1.339 seconds (JVM running for 6.089)
2024-01-04 10:39:10.169 DEBUG 10936 --- [    Test worker] c.m.c.service.impl.EmployeeServiceImpl   : Creating compensation for Employee with ID [testEmployeeId]
2024-01-04 10:39:10.177 DEBUG 10936 --- [    Test worker] c.m.c.service.impl.EmployeeServiceImpl   : Reading compensation for Employee with ID [testEmployeeId]
]]></system-out>
  <system-err><![CDATA[]]></system-err>
</testsuite>
