<?xml version="1.0" encoding="UTF-8"?>
<testsuite name="com.mindex.challenge.service.impl.EmployeeServiceImplTest" tests="1" skipped="0" failures="0" errors="0" timestamp="2024-01-04T15:39:10" hostname="DESKTOP-EC56MEU" time="0.236">
  <properties/>
  <testcase name="testCreateReadUpdate" classname="com.mindex.challenge.service.impl.EmployeeServiceImplTest" time="0.236"/>
  <system-out><![CDATA[2024-01-04 10:39:10.184  INFO 10936 --- [    Test worker] .b.t.c.SpringBootTestContextBootstrapper : Neither @ContextConfiguration nor @ContextHierarchy found for test class [com.mindex.challenge.service.impl.EmployeeServiceImplTest], using SpringBootContextLoader
2024-01-04 10:39:10.184  INFO 10936 --- [    Test worker] o.s.t.c.support.AbstractContextLoader    : Could not detect default resource locations for test class [com.mindex.challenge.service.impl.EmployeeServiceImplTest]: no resource found for suffixes {-context.xml, Context.groovy}.
2024-01-04 10:39:10.185  INFO 10936 --- [    Test worker] t.c.s.AnnotationConfigContextLoaderUtils : Could not detect default configuration classes for test class [com.mindex.challenge.service.impl.EmployeeServiceImplTest]: EmployeeServiceImplTest does not declare any static, non-private, non-final, nested classes annotated with @Configuration.
2024-01-04 10:39:10.186  INFO 10936 --- [    Test worker] .b.t.c.SpringBootTestContextBootstrapper : Found @SpringBootConfiguration com.mindex.challenge.ChallengeApplication for test class com.mindex.challenge.service.impl.EmployeeServiceImplTest
2024-01-04 10:39:10.188  INFO 10936 --- [    Test worker] .b.t.c.SpringBootTestContextBootstrapper : Loaded default TestExecutionListener class names from location [META-INF/spring.factories]: [org.springframework.boot.test.autoconfigure.restdocs.RestDocsTestExecutionListener, org.springframework.boot.test.autoconfigure.web.client.MockRestServiceServerResetTestExecutionListener, org.springframework.boot.test.autoconfigure.web.servlet.MockMvcPrintOnlyOnFailureTestExecutionListener, org.springframework.boot.test.autoconfigure.web.servlet.WebDriverTestExecutionListener, org.springframework.boot.test.mock.mockito.MockitoTestExecutionListener, org.springframework.boot.test.mock.mockito.ResetMocksTestExecutionListener, org.springframework.test.context.web.ServletTestExecutionListener, org.springframework.test.context.support.DirtiesContextBeforeModesTestExecutionListener, org.springframework.test.context.support.DependencyInjectionTestExecutionListener, org.springframework.test.context.support.DirtiesContextTestExecutionListener, org.springframework.test.context.transaction.TransactionalTestExecutionListener, org.springframework.test.context.jdbc.SqlScriptsTestExecutionListener, org.springframework.test.context.event.EventPublishingTestExecutionListener]
2024-01-04 10:39:10.188  INFO 10936 --- [    Test worker] .b.t.c.SpringBootTestContextBootstrapper : Using TestExecutionListeners: [org.springframework.test.context.web.ServletTestExecutionListener@6d4d0a14, org.springframework.test.context.support.DirtiesContextBeforeModesTestExecutionListener@1cca3e8c, org.springframework.boot.test.mock.mockito.MockitoTestExecutionListener@46b2a11a, org.springframework.boot.test.autoconfigure.SpringBootDependencyInjectionTestExecutionListener@55c8fc60, org.springframework.test.context.support.DirtiesContextTestExecutionListener@50d05167, org.springframework.test.context.transaction.TransactionalTestExecutionListener@1da32baf, org.springframework.test.context.jdbc.SqlScriptsTestExecutionListener@4e4af370, org.springframework.test.context.event.EventPublishingTestExecutionListener@5cf33d25, org.springframework.boot.test.autoconfigure.restdocs.RestDocsTestExecutionListener@efa04b5, org.springframework.boot.test.autoconfigure.web.client.MockRestServiceServerResetTestExecutionListener@a80a896, org.springframework.boot.test.autoconfigure.web.servlet.MockMvcPrintOnlyOnFailureTestExecutionListener@13c81bc5, org.springframework.boot.test.autoconfigure.web.servlet.WebDriverTestExecutionListener@5617168c, org.springframework.boot.test.mock.mockito.ResetMocksTestExecutionListener@8167f57]
2024-01-04 10:39:10.322  INFO 10936 --- [o-auto-1-exec-1] o.a.c.c.C.[Tomcat].[localhost].[/]       : Initializing Spring DispatcherServlet 'dispatcherServlet'
2024-01-04 10:39:10.322  INFO 10936 --- [o-auto-1-exec-1] o.s.web.servlet.DispatcherServlet        : Initializing Servlet 'dispatcherServlet'
2024-01-04 10:39:10.350  INFO 10936 --- [o-auto-1-exec-1] o.s.web.servlet.DispatcherServlet        : Completed initialization in 28 ms
2024-01-04 10:39:10.389 DEBUG 10936 --- [o-auto-1-exec-1] c.m.c.controller.EmployeeController      : Received employee create request for [com.mindex.challenge.data.Employee@595690a1]
2024-01-04 10:39:10.389 DEBUG 10936 --- [o-auto-1-exec-1] c.m.c.service.impl.EmployeeServiceImpl   : Creating employee [com.mindex.challenge.data.Employee@595690a1]
2024-01-04 10:39:10.413 DEBUG 10936 --- [o-auto-1-exec-2] c.m.c.controller.EmployeeController      : Received employee create request for id [e0ab271a-3ec4-421e-a216-b7743d83624d]
2024-01-04 10:39:10.413 DEBUG 10936 --- [o-auto-1-exec-2] c.m.c.service.impl.EmployeeServiceImpl   : Creating employee with id [e0ab271a-3ec4-421e-a216-b7743d83624d]
2024-01-04 10:39:10.423 DEBUG 10936 --- [o-auto-1-exec-3] c.m.c.controller.EmployeeController      : Received employee create request for id [e0ab271a-3ec4-421e-a216-b7743d83624d] and employee [com.mindex.challenge.data.Employee@35c36d6d]
2024-01-04 10:39:10.423 DEBUG 10936 --- [o-auto-1-exec-3] c.m.c.service.impl.EmployeeServiceImpl   : Updating employee [com.mindex.challenge.data.Employee@35c36d6d]
]]></system-out>
  <system-err><![CDATA[]]></system-err>
</testsuite>
